<?xml version="1.0" encoding="UTF-8"?>
<!-- Generated by org.testng.reporters.JUnitXMLReporter -->
<testsuite ignored="0" hostname="DESKTOP-EAA3A0K" failures="1" tests="1" name="Default test(failed)" time="20.222" errors="0" timestamp="2024-10-17T00:57:32 IST">
  <testcase classname="io.cucumber.testng.AbstractTestNGCucumberTests" name="runScenario" time="18.27">
    <failure type="java.lang.AssertionError" message="expected [true] but found [false]">
      <![CDATA[java.lang.AssertionError: expected [true] but found [false]
at StepDefinitions.LoginSteps.user_navigates_to_my_account_page(LoginSteps.java:59)
at âœ½.the user should be redirected to the MyAccount Page(file:///D:/Selenium/Selenium_FrameWork/FrameWorks/F_Cucumber_TestNG_OpenCart/./Features/Login.feature:15)
... Removed 7 stack frames]]>
    </failure>
  </testcase> <!-- runScenario -->
</testsuite> <!-- Default test(failed) -->
